CRITICAL - 2022-04-05 07:53:21 --> Undefined variable: titulo_pagina
#0 C:\Dropbox\Projetos\www\glometal\app\Views\base\header.php(7): CodeIgniter\Debug\Exceptions->errorHandler(8, 'Undefined varia...', 'C:\\Dropbox\\Proj...', 7, Array)
#1 C:\Dropbox\Projetos\www\glometal\system\View\View.php(214): include('C:\\Dropbox\\Proj...')
#2 C:\Dropbox\Projetos\www\glometal\system\View\View.php(217): CodeIgniter\View\View->CodeIgniter\View\{closure}()
#3 C:\Dropbox\Projetos\www\glometal\system\Common.php(1097): CodeIgniter\View\View->render('base/header.php', Array, true)
#4 C:\Dropbox\Projetos\www\glometal\app\Controllers\Home.php(9): view('base/header.php')
#5 C:\Dropbox\Projetos\www\glometal\system\CodeIgniter.php(824): App\Controllers\Home->index()
#6 C:\Dropbox\Projetos\www\glometal\system\CodeIgniter.php(410): CodeIgniter\CodeIgniter->runController(Object(App\Controllers\Home))
#7 C:\Dropbox\Projetos\www\glometal\system\CodeIgniter.php(318): CodeIgniter\CodeIgniter->handleRequest(NULL, Object(Config\Cache), false)
#8 C:\Dropbox\Projetos\www\glometal\index.php(37): CodeIgniter\CodeIgniter->run()
#9 {main}
CRITICAL - 2022-04-05 08:24:03 --> Argument 2 passed to view() must be of the type array, null given, called in C:\Dropbox\Projetos\www\glometal\app\Controllers\Pesagens.php on line 15
#0 C:\Dropbox\Projetos\www\glometal\app\Controllers\Pesagens.php(15): view('pesagens_view.p...', NULL)
#1 C:\Dropbox\Projetos\www\glometal\system\CodeIgniter.php(824): App\Controllers\Pesagens->pesar('invoice-print.h...')
#2 C:\Dropbox\Projetos\www\glometal\system\CodeIgniter.php(410): CodeIgniter\CodeIgniter->runController(Object(App\Controllers\Pesagens))
#3 C:\Dropbox\Projetos\www\glometal\system\CodeIgniter.php(318): CodeIgniter\CodeIgniter->handleRequest(NULL, Object(Config\Cache), false)
#4 C:\Dropbox\Projetos\www\glometal\index.php(37): CodeIgniter\CodeIgniter->run()
#5 {main}
ERROR - 2022-04-05 08:24:55 --> Error connecting to the database: Nenhuma conexão pôde ser feita porque a máquina de destino as recusou ativamente.

CRITICAL - 2022-04-05 08:24:55 --> Unable to connect to the database.
Main connection [MySQLi]: Nenhuma conexão pôde ser feita porque a máquina de destino as recusou ativamente.

#0 C:\Dropbox\Projetos\www\glometal\system\Database\BaseConnection.php(577): CodeIgniter\Database\BaseConnection->initialize()
#1 C:\Dropbox\Projetos\www\glometal\system\Database\BaseBuilder.php(1527): CodeIgniter\Database\BaseConnection->query('SELECT COUNT(*)...', Array, false)
#2 C:\Dropbox\Projetos\www\glometal\app\ThirdParty\codeIgniter4-datatables\src\DataTableQuery.php(53): CodeIgniter\Database\BaseBuilder->countAllResults()
#3 C:\Dropbox\Projetos\www\glometal\app\ThirdParty\codeIgniter4-datatables\src\DataTable.php(173): Hermawan\DataTables\DataTableQuery->countAll()
#4 C:\Dropbox\Projetos\www\glometal\app\Controllers\Usuarios.php(23): Hermawan\DataTables\DataTable->toJson()
#5 C:\Dropbox\Projetos\www\glometal\system\CodeIgniter.php(824): App\Controllers\Usuarios->listar()
#6 C:\Dropbox\Projetos\www\glometal\system\CodeIgniter.php(410): CodeIgniter\CodeIgniter->runController(Object(App\Controllers\Usuarios))
#7 C:\Dropbox\Projetos\www\glometal\system\CodeIgniter.php(318): CodeIgniter\CodeIgniter->handleRequest(NULL, Object(Config\Cache), false)
#8 C:\Dropbox\Projetos\www\glometal\index.php(37): CodeIgniter\CodeIgniter->run()
#9 {main}
CRITICAL - 2022-04-05 17:35:57 --> Constant ENVIRONMENT already defined
#0 [internal function]: CodeIgniter\Debug\Exceptions->errorHandler(8, 'Constant ENVIRO...', 'C:\\Dropbox\\Proj...', 33, Array)
#1 C:\Dropbox\Projetos\www\glometal\index.php(33): define('ENVIRONMENT', 'development')
#2 {main}
CRITICAL - 2022-04-05 17:42:54 --> Constant ENVIRONMENT already defined
#0 [internal function]: CodeIgniter\Debug\Exceptions->errorHandler(8, 'Constant ENVIRO...', 'C:\\Dropbox\\Proj...', 33, Array)
#1 C:\Dropbox\Projetos\www\glometal\index.php(33): define('ENVIRONMENT', 'development')
#2 {main}
CRITICAL - 2022-04-05 17:45:35 --> Constant ENVIRONMENT already defined
#0 [internal function]: CodeIgniter\Debug\Exceptions->errorHandler(8, 'Constant ENVIRO...', 'C:\\Dropbox\\Proj...', 33, Array)
#1 C:\Dropbox\Projetos\www\glometal\index.php(33): define('ENVIRONMENT', 'development')
#2 {main}
CRITICAL - 2022-04-05 17:45:36 --> Constant ENVIRONMENT already defined
#0 [internal function]: CodeIgniter\Debug\Exceptions->errorHandler(8, 'Constant ENVIRO...', 'C:\\Dropbox\\Proj...', 33, Array)
#1 C:\Dropbox\Projetos\www\glometal\index.php(33): define('ENVIRONMENT', 'development')
#2 {main}
CRITICAL - 2022-04-05 17:45:36 --> Constant ENVIRONMENT already defined
#0 [internal function]: CodeIgniter\Debug\Exceptions->errorHandler(8, 'Constant ENVIRO...', 'C:\\Dropbox\\Proj...', 33, Array)
#1 C:\Dropbox\Projetos\www\glometal\index.php(33): define('ENVIRONMENT', 'development')
#2 {main}
CRITICAL - 2022-04-05 17:45:36 --> Constant ENVIRONMENT already defined
#0 [internal function]: CodeIgniter\Debug\Exceptions->errorHandler(8, 'Constant ENVIRO...', 'C:\\Dropbox\\Proj...', 33, Array)
#1 C:\Dropbox\Projetos\www\glometal\index.php(33): define('ENVIRONMENT', 'development')
#2 {main}
CRITICAL - 2022-04-05 17:45:36 --> Constant ENVIRONMENT already defined
#0 [internal function]: CodeIgniter\Debug\Exceptions->errorHandler(8, 'Constant ENVIRO...', 'C:\\Dropbox\\Proj...', 33, Array)
#1 C:\Dropbox\Projetos\www\glometal\index.php(33): define('ENVIRONMENT', 'development')
#2 {main}
CRITICAL - 2022-04-05 17:45:37 --> Constant ENVIRONMENT already defined
#0 [internal function]: CodeIgniter\Debug\Exceptions->errorHandler(8, 'Constant ENVIRO...', 'C:\\Dropbox\\Proj...', 33, Array)
#1 C:\Dropbox\Projetos\www\glometal\index.php(33): define('ENVIRONMENT', 'development')
#2 {main}
CRITICAL - 2022-04-05 17:45:37 --> Constant ENVIRONMENT already defined
#0 [internal function]: CodeIgniter\Debug\Exceptions->errorHandler(8, 'Constant ENVIRO...', 'C:\\Dropbox\\Proj...', 33, Array)
#1 C:\Dropbox\Projetos\www\glometal\index.php(33): define('ENVIRONMENT', 'development')
#2 {main}
CRITICAL - 2022-04-05 17:45:37 --> Constant ENVIRONMENT already defined
#0 [internal function]: CodeIgniter\Debug\Exceptions->errorHandler(8, 'Constant ENVIRO...', 'C:\\Dropbox\\Proj...', 33, Array)
#1 C:\Dropbox\Projetos\www\glometal\index.php(33): define('ENVIRONMENT', 'development')
#2 {main}
CRITICAL - 2022-04-05 17:45:38 --> Constant ENVIRONMENT already defined
#0 [internal function]: CodeIgniter\Debug\Exceptions->errorHandler(8, 'Constant ENVIRO...', 'C:\\Dropbox\\Proj...', 33, Array)
#1 C:\Dropbox\Projetos\www\glometal\index.php(33): define('ENVIRONMENT', 'development')
#2 {main}
CRITICAL - 2022-04-05 17:45:38 --> Constant ENVIRONMENT already defined
#0 [internal function]: CodeIgniter\Debug\Exceptions->errorHandler(8, 'Constant ENVIRO...', 'C:\\Dropbox\\Proj...', 33, Array)
#1 C:\Dropbox\Projetos\www\glometal\index.php(33): define('ENVIRONMENT', 'development')
#2 {main}
CRITICAL - 2022-04-05 17:45:38 --> Constant ENVIRONMENT already defined
#0 [internal function]: CodeIgniter\Debug\Exceptions->errorHandler(8, 'Constant ENVIRO...', 'C:\\Dropbox\\Proj...', 33, Array)
#1 C:\Dropbox\Projetos\www\glometal\index.php(33): define('ENVIRONMENT', 'development')
#2 {main}
CRITICAL - 2022-04-05 17:45:38 --> Constant ENVIRONMENT already defined
#0 [internal function]: CodeIgniter\Debug\Exceptions->errorHandler(8, 'Constant ENVIRO...', 'C:\\Dropbox\\Proj...', 33, Array)
#1 C:\Dropbox\Projetos\www\glometal\index.php(33): define('ENVIRONMENT', 'development')
#2 {main}
CRITICAL - 2022-04-05 17:45:38 --> Constant ENVIRONMENT already defined
#0 [internal function]: CodeIgniter\Debug\Exceptions->errorHandler(8, 'Constant ENVIRO...', 'C:\\Dropbox\\Proj...', 33, Array)
#1 C:\Dropbox\Projetos\www\glometal\index.php(33): define('ENVIRONMENT', 'development')
#2 {main}
CRITICAL - 2022-04-05 17:45:39 --> Constant ENVIRONMENT already defined
#0 [internal function]: CodeIgniter\Debug\Exceptions->errorHandler(8, 'Constant ENVIRO...', 'C:\\Dropbox\\Proj...', 33, Array)
#1 C:\Dropbox\Projetos\www\glometal\index.php(33): define('ENVIRONMENT', 'development')
#2 {main}
CRITICAL - 2022-04-05 17:45:39 --> Constant ENVIRONMENT already defined
#0 [internal function]: CodeIgniter\Debug\Exceptions->errorHandler(8, 'Constant ENVIRO...', 'C:\\Dropbox\\Proj...', 33, Array)
#1 C:\Dropbox\Projetos\www\glometal\index.php(33): define('ENVIRONMENT', 'development')
#2 {main}
CRITICAL - 2022-04-05 17:45:39 --> Constant ENVIRONMENT already defined
#0 [internal function]: CodeIgniter\Debug\Exceptions->errorHandler(8, 'Constant ENVIRO...', 'C:\\Dropbox\\Proj...', 33, Array)
#1 C:\Dropbox\Projetos\www\glometal\index.php(33): define('ENVIRONMENT', 'development')
#2 {main}
CRITICAL - 2022-04-05 17:45:39 --> Constant ENVIRONMENT already defined
#0 [internal function]: CodeIgniter\Debug\Exceptions->errorHandler(8, 'Constant ENVIRO...', 'C:\\Dropbox\\Proj...', 33, Array)
#1 C:\Dropbox\Projetos\www\glometal\index.php(33): define('ENVIRONMENT', 'development')
#2 {main}
CRITICAL - 2022-04-05 17:45:39 --> Constant ENVIRONMENT already defined
#0 [internal function]: CodeIgniter\Debug\Exceptions->errorHandler(8, 'Constant ENVIRO...', 'C:\\Dropbox\\Proj...', 33, Array)
#1 C:\Dropbox\Projetos\www\glometal\index.php(33): define('ENVIRONMENT', 'development')
#2 {main}
CRITICAL - 2022-04-05 17:45:39 --> Constant ENVIRONMENT already defined
#0 [internal function]: CodeIgniter\Debug\Exceptions->errorHandler(8, 'Constant ENVIRO...', 'C:\\Dropbox\\Proj...', 33, Array)
#1 C:\Dropbox\Projetos\www\glometal\index.php(33): define('ENVIRONMENT', 'development')
#2 {main}
CRITICAL - 2022-04-05 17:54:01 --> Constant ENVIRONMENT already defined
#0 [internal function]: CodeIgniter\Debug\Exceptions->errorHandler(8, 'Constant ENVIRO...', 'C:\\Dropbox\\Proj...', 33, Array)
#1 C:\Dropbox\Projetos\www\glometal\index.php(33): define('ENVIRONMENT', 'development')
#2 {main}
CRITICAL - 2022-04-05 17:54:02 --> Constant ENVIRONMENT already defined
#0 [internal function]: CodeIgniter\Debug\Exceptions->errorHandler(8, 'Constant ENVIRO...', 'C:\\Dropbox\\Proj...', 33, Array)
#1 C:\Dropbox\Projetos\www\glometal\index.php(33): define('ENVIRONMENT', 'development')
#2 {main}
CRITICAL - 2022-04-05 17:54:03 --> Constant ENVIRONMENT already defined
#0 [internal function]: CodeIgniter\Debug\Exceptions->errorHandler(8, 'Constant ENVIRO...', 'C:\\Dropbox\\Proj...', 33, Array)
#1 C:\Dropbox\Projetos\www\glometal\index.php(33): define('ENVIRONMENT', 'development')
#2 {main}
CRITICAL - 2022-04-05 17:54:03 --> Constant ENVIRONMENT already defined
#0 [internal function]: CodeIgniter\Debug\Exceptions->errorHandler(8, 'Constant ENVIRO...', 'C:\\Dropbox\\Proj...', 33, Array)
#1 C:\Dropbox\Projetos\www\glometal\index.php(33): define('ENVIRONMENT', 'development')
#2 {main}
CRITICAL - 2022-04-05 17:54:03 --> Constant ENVIRONMENT already defined
#0 [internal function]: CodeIgniter\Debug\Exceptions->errorHandler(8, 'Constant ENVIRO...', 'C:\\Dropbox\\Proj...', 33, Array)
#1 C:\Dropbox\Projetos\www\glometal\index.php(33): define('ENVIRONMENT', 'development')
#2 {main}
CRITICAL - 2022-04-05 17:54:03 --> Constant ENVIRONMENT already defined
#0 [internal function]: CodeIgniter\Debug\Exceptions->errorHandler(8, 'Constant ENVIRO...', 'C:\\Dropbox\\Proj...', 33, Array)
#1 C:\Dropbox\Projetos\www\glometal\index.php(33): define('ENVIRONMENT', 'development')
#2 {main}
