CRITICAL - 2022-10-07 11:25:21 --> Maximum execution time of 120 seconds exceeded
#0 [internal function]: CodeIgniter\Debug\Exceptions->shutdownHandler()
#1 {main}
CRITICAL - 2022-10-07 11:25:21 --> Maximum execution time of 120 seconds exceeded
#0 [internal function]: CodeIgniter\Debug\Exceptions->shutdownHandler()
#1 {main}
CRITICAL - 2022-10-07 11:25:21 --> Maximum execution time of 120 seconds exceeded
#0 [internal function]: CodeIgniter\Debug\Exceptions->shutdownHandler()
#1 {main}
CRITICAL - 2022-10-07 11:25:21 --> Maximum execution time of 120 seconds exceeded
#0 [internal function]: CodeIgniter\Debug\Exceptions->shutdownHandler()
#1 {main}
CRITICAL - 2022-10-07 11:25:21 --> Maximum execution time of 120 seconds exceeded
#0 [internal function]: CodeIgniter\Debug\Exceptions->shutdownHandler()
#1 {main}
CRITICAL - 2022-10-07 11:25:21 --> Maximum execution time of 120 seconds exceeded
#0 [internal function]: CodeIgniter\Debug\Exceptions->shutdownHandler()
#1 {main}
CRITICAL - 2022-10-07 11:25:21 --> Maximum execution time of 120 seconds exceeded
#0 [internal function]: CodeIgniter\Debug\Exceptions->shutdownHandler()
#1 {main}
ERROR - 2022-10-07 11:30:46 --> You have an error in your SQL syntax; check the manual that corresponds to your MySQL server version for the right syntax to use near '' at line 4
CRITICAL - 2022-10-07 11:30:46 --> Call to a member function getResultArray() on bool
#0 C:\Dropbox\Projetos\www\glometal\system\CodeIgniter.php(824): App\Controllers\Fornos->listar_fornos_ativos()
#1 C:\Dropbox\Projetos\www\glometal\system\CodeIgniter.php(410): CodeIgniter\CodeIgniter->runController(Object(App\Controllers\Fornos))
#2 C:\Dropbox\Projetos\www\glometal\system\CodeIgniter.php(318): CodeIgniter\CodeIgniter->handleRequest(NULL, Object(Config\Cache), false)
#3 C:\Dropbox\Projetos\www\glometal\index.php(37): CodeIgniter\CodeIgniter->run()
#4 {main}
