CRITICAL - 2021-12-21 11:38:26 --> Undefined property: App\Controllers\Usuarios::$input
#0 C:\Dropbox\Projetos\www\glometal\app\Controllers\Usuarios.php(14): CodeIgniter\Debug\Exceptions->errorHandler(8, 'Undefined prope...', 'C:\\Dropbox\\Proj...', 14, Array)
#1 C:\Dropbox\Projetos\www\glometal\system\CodeIgniter.php(824): App\Controllers\Usuarios->listar()
#2 C:\Dropbox\Projetos\www\glometal\system\CodeIgniter.php(410): CodeIgniter\CodeIgniter->runController(Object(App\Controllers\Usuarios))
#3 C:\Dropbox\Projetos\www\glometal\system\CodeIgniter.php(318): CodeIgniter\CodeIgniter->handleRequest(NULL, Object(Config\Cache), false)
#4 C:\Dropbox\Projetos\www\glometal\index.php(37): CodeIgniter\CodeIgniter->run()
#5 {main}
CRITICAL - 2021-12-21 11:41:58 --> Undefined property: App\Controllers\Usuarios::$Usuarios_model
#0 C:\Dropbox\Projetos\www\glometal\app\Controllers\Usuarios.php(16): CodeIgniter\Debug\Exceptions->errorHandler(8, 'Undefined prope...', 'C:\\Dropbox\\Proj...', 16, Array)
#1 C:\Dropbox\Projetos\www\glometal\system\CodeIgniter.php(824): App\Controllers\Usuarios->listar()
#2 C:\Dropbox\Projetos\www\glometal\system\CodeIgniter.php(410): CodeIgniter\CodeIgniter->runController(Object(App\Controllers\Usuarios))
#3 C:\Dropbox\Projetos\www\glometal\system\CodeIgniter.php(318): CodeIgniter\CodeIgniter->handleRequest(NULL, Object(Config\Cache), false)
#4 C:\Dropbox\Projetos\www\glometal\index.php(37): CodeIgniter\CodeIgniter->run()
#5 {main}
CRITICAL - 2021-12-21 11:43:08 --> Argument 1 passed to CodeIgniter\BaseModel::findAll() must be of the type int, array given, called in C:\Dropbox\Projetos\www\glometal\app\Controllers\Usuarios.php on line 17
#0 C:\Dropbox\Projetos\www\glometal\app\Controllers\Usuarios.php(17): CodeIgniter\BaseModel->findAll(Array)
#1 C:\Dropbox\Projetos\www\glometal\system\CodeIgniter.php(824): App\Controllers\Usuarios->listar()
#2 C:\Dropbox\Projetos\www\glometal\system\CodeIgniter.php(410): CodeIgniter\CodeIgniter->runController(Object(App\Controllers\Usuarios))
#3 C:\Dropbox\Projetos\www\glometal\system\CodeIgniter.php(318): CodeIgniter\CodeIgniter->handleRequest(NULL, Object(Config\Cache), false)
#4 C:\Dropbox\Projetos\www\glometal\index.php(37): CodeIgniter\CodeIgniter->run()
#5 {main}
CRITICAL - 2021-12-21 11:46:08 --> Class 'App\Controllers\DataTable' not found
#0 C:\Dropbox\Projetos\www\glometal\system\CodeIgniter.php(824): App\Controllers\Usuarios->listar()
#1 C:\Dropbox\Projetos\www\glometal\system\CodeIgniter.php(410): CodeIgniter\CodeIgniter->runController(Object(App\Controllers\Usuarios))
#2 C:\Dropbox\Projetos\www\glometal\system\CodeIgniter.php(318): CodeIgniter\CodeIgniter->handleRequest(NULL, Object(Config\Cache), false)
#3 C:\Dropbox\Projetos\www\glometal\index.php(37): CodeIgniter\CodeIgniter->run()
#4 {main}
CRITICAL - 2021-12-21 11:46:09 --> Class 'App\Controllers\DataTable' not found
#0 C:\Dropbox\Projetos\www\glometal\system\CodeIgniter.php(824): App\Controllers\Usuarios->listar()
#1 C:\Dropbox\Projetos\www\glometal\system\CodeIgniter.php(410): CodeIgniter\CodeIgniter->runController(Object(App\Controllers\Usuarios))
#2 C:\Dropbox\Projetos\www\glometal\system\CodeIgniter.php(318): CodeIgniter\CodeIgniter->handleRequest(NULL, Object(Config\Cache), false)
#3 C:\Dropbox\Projetos\www\glometal\index.php(37): CodeIgniter\CodeIgniter->run()
#4 {main}
CRITICAL - 2021-12-21 11:46:10 --> Class 'App\Controllers\DataTable' not found
#0 C:\Dropbox\Projetos\www\glometal\system\CodeIgniter.php(824): App\Controllers\Usuarios->listar()
#1 C:\Dropbox\Projetos\www\glometal\system\CodeIgniter.php(410): CodeIgniter\CodeIgniter->runController(Object(App\Controllers\Usuarios))
#2 C:\Dropbox\Projetos\www\glometal\system\CodeIgniter.php(318): CodeIgniter\CodeIgniter->handleRequest(NULL, Object(Config\Cache), false)
#3 C:\Dropbox\Projetos\www\glometal\index.php(37): CodeIgniter\CodeIgniter->run()
#4 {main}
CRITICAL - 2021-12-21 11:46:10 --> Class 'App\Controllers\DataTable' not found
#0 C:\Dropbox\Projetos\www\glometal\system\CodeIgniter.php(824): App\Controllers\Usuarios->listar()
#1 C:\Dropbox\Projetos\www\glometal\system\CodeIgniter.php(410): CodeIgniter\CodeIgniter->runController(Object(App\Controllers\Usuarios))
#2 C:\Dropbox\Projetos\www\glometal\system\CodeIgniter.php(318): CodeIgniter\CodeIgniter->handleRequest(NULL, Object(Config\Cache), false)
#3 C:\Dropbox\Projetos\www\glometal\index.php(37): CodeIgniter\CodeIgniter->run()
#4 {main}
CRITICAL - 2021-12-21 11:46:10 --> Class 'App\Controllers\DataTable' not found
#0 C:\Dropbox\Projetos\www\glometal\system\CodeIgniter.php(824): App\Controllers\Usuarios->listar()
#1 C:\Dropbox\Projetos\www\glometal\system\CodeIgniter.php(410): CodeIgniter\CodeIgniter->runController(Object(App\Controllers\Usuarios))
#2 C:\Dropbox\Projetos\www\glometal\system\CodeIgniter.php(318): CodeIgniter\CodeIgniter->handleRequest(NULL, Object(Config\Cache), false)
#3 C:\Dropbox\Projetos\www\glometal\index.php(37): CodeIgniter\CodeIgniter->run()
#4 {main}
CRITICAL - 2021-12-21 11:46:11 --> Class 'App\Controllers\DataTable' not found
#0 C:\Dropbox\Projetos\www\glometal\system\CodeIgniter.php(824): App\Controllers\Usuarios->listar()
#1 C:\Dropbox\Projetos\www\glometal\system\CodeIgniter.php(410): CodeIgniter\CodeIgniter->runController(Object(App\Controllers\Usuarios))
#2 C:\Dropbox\Projetos\www\glometal\system\CodeIgniter.php(318): CodeIgniter\CodeIgniter->handleRequest(NULL, Object(Config\Cache), false)
#3 C:\Dropbox\Projetos\www\glometal\index.php(37): CodeIgniter\CodeIgniter->run()
#4 {main}
CRITICAL - 2021-12-21 11:46:12 --> Class 'App\Controllers\DataTable' not found
#0 C:\Dropbox\Projetos\www\glometal\system\CodeIgniter.php(824): App\Controllers\Usuarios->listar()
#1 C:\Dropbox\Projetos\www\glometal\system\CodeIgniter.php(410): CodeIgniter\CodeIgniter->runController(Object(App\Controllers\Usuarios))
#2 C:\Dropbox\Projetos\www\glometal\system\CodeIgniter.php(318): CodeIgniter\CodeIgniter->handleRequest(NULL, Object(Config\Cache), false)
#3 C:\Dropbox\Projetos\www\glometal\index.php(37): CodeIgniter\CodeIgniter->run()
#4 {main}
CRITICAL - 2021-12-21 12:17:36 --> Property App\Models\Usuarios_model::$QBSelect does not exist
#0 C:\Dropbox\Projetos\www\glometal\app\ThirdParty\codeIgniter4-datatables\src\Helper.php(9): ReflectionProperty->__construct(Object(App\Models\Usuarios_model), 'QBSelect')
#1 C:\Dropbox\Projetos\www\glometal\app\ThirdParty\codeIgniter4-datatables\src\DataTableColumnDefs.php(241): Hermawan\DataTables\Helper::getObjectPropertyValue(Object(App\Models\Usuarios_model), 'QBSelect')
#2 C:\Dropbox\Projetos\www\glometal\app\ThirdParty\codeIgniter4-datatables\src\DataTableColumnDefs.php(17): Hermawan\DataTables\DataTableColumnDefs->initFromBuilder(Object(App\Models\Usuarios_model))
#3 C:\Dropbox\Projetos\www\glometal\app\ThirdParty\codeIgniter4-datatables\src\DataTable.php(32): Hermawan\DataTables\DataTableColumnDefs->__construct(Object(App\Models\Usuarios_model))
#4 C:\Dropbox\Projetos\www\glometal\app\ThirdParty\codeIgniter4-datatables\src\DataTable.php(45): Hermawan\DataTables\DataTable->__construct(Object(App\Models\Usuarios_model))
#5 C:\Dropbox\Projetos\www\glometal\app\Controllers\Usuarios.php(20): Hermawan\DataTables\DataTable::of(Object(App\Models\Usuarios_model))
#6 C:\Dropbox\Projetos\www\glometal\system\CodeIgniter.php(824): App\Controllers\Usuarios->listar()
#7 C:\Dropbox\Projetos\www\glometal\system\CodeIgniter.php(410): CodeIgniter\CodeIgniter->runController(Object(App\Controllers\Usuarios))
#8 C:\Dropbox\Projetos\www\glometal\system\CodeIgniter.php(318): CodeIgniter\CodeIgniter->handleRequest(NULL, Object(Config\Cache), false)
#9 C:\Dropbox\Projetos\www\glometal\index.php(37): CodeIgniter\CodeIgniter->run()
#10 {main}
CRITICAL - 2021-12-21 12:17:43 --> Property App\Models\Usuarios_model::$QBSelect does not exist
#0 C:\Dropbox\Projetos\www\glometal\app\ThirdParty\codeIgniter4-datatables\src\Helper.php(9): ReflectionProperty->__construct(Object(App\Models\Usuarios_model), 'QBSelect')
#1 C:\Dropbox\Projetos\www\glometal\app\ThirdParty\codeIgniter4-datatables\src\DataTableColumnDefs.php(241): Hermawan\DataTables\Helper::getObjectPropertyValue(Object(App\Models\Usuarios_model), 'QBSelect')
#2 C:\Dropbox\Projetos\www\glometal\app\ThirdParty\codeIgniter4-datatables\src\DataTableColumnDefs.php(17): Hermawan\DataTables\DataTableColumnDefs->initFromBuilder(Object(App\Models\Usuarios_model))
#3 C:\Dropbox\Projetos\www\glometal\app\ThirdParty\codeIgniter4-datatables\src\DataTable.php(32): Hermawan\DataTables\DataTableColumnDefs->__construct(Object(App\Models\Usuarios_model))
#4 C:\Dropbox\Projetos\www\glometal\app\ThirdParty\codeIgniter4-datatables\src\DataTable.php(45): Hermawan\DataTables\DataTable->__construct(Object(App\Models\Usuarios_model))
#5 C:\Dropbox\Projetos\www\glometal\app\Controllers\Usuarios.php(20): Hermawan\DataTables\DataTable::of(Object(App\Models\Usuarios_model))
#6 C:\Dropbox\Projetos\www\glometal\system\CodeIgniter.php(824): App\Controllers\Usuarios->listar()
#7 C:\Dropbox\Projetos\www\glometal\system\CodeIgniter.php(410): CodeIgniter\CodeIgniter->runController(Object(App\Controllers\Usuarios))
#8 C:\Dropbox\Projetos\www\glometal\system\CodeIgniter.php(318): CodeIgniter\CodeIgniter->handleRequest(NULL, Object(Config\Cache), false)
#9 C:\Dropbox\Projetos\www\glometal\index.php(37): CodeIgniter\CodeIgniter->run()
#10 {main}
ERROR - 2021-12-21 12:33:48 --> Error connecting to the database: Nenhuma conexão pôde ser feita porque a máquina de destino as recusou ativamente.

CRITICAL - 2021-12-21 12:33:48 --> Unable to connect to the database.
Main connection [MySQLi]: Nenhuma conexão pôde ser feita porque a máquina de destino as recusou ativamente.

#0 C:\Dropbox\Projetos\www\glometal\system\Database\BaseConnection.php(577): CodeIgniter\Database\BaseConnection->initialize()
#1 C:\Dropbox\Projetos\www\glometal\system\Database\BaseBuilder.php(1527): CodeIgniter\Database\BaseConnection->query('SELECT COUNT(*)...', Array, false)
#2 C:\Dropbox\Projetos\www\glometal\app\ThirdParty\codeIgniter4-datatables\src\DataTableQuery.php(53): CodeIgniter\Database\BaseBuilder->countAllResults()
#3 C:\Dropbox\Projetos\www\glometal\app\ThirdParty\codeIgniter4-datatables\src\DataTable.php(173): Hermawan\DataTables\DataTableQuery->countAll()
#4 C:\Dropbox\Projetos\www\glometal\app\Controllers\Usuarios.php(19): Hermawan\DataTables\DataTable->toJson()
#5 C:\Dropbox\Projetos\www\glometal\system\CodeIgniter.php(824): App\Controllers\Usuarios->listar()
#6 C:\Dropbox\Projetos\www\glometal\system\CodeIgniter.php(410): CodeIgniter\CodeIgniter->runController(Object(App\Controllers\Usuarios))
#7 C:\Dropbox\Projetos\www\glometal\system\CodeIgniter.php(318): CodeIgniter\CodeIgniter->handleRequest(NULL, Object(Config\Cache), false)
#8 C:\Dropbox\Projetos\www\glometal\index.php(37): CodeIgniter\CodeIgniter->run()
#9 {main}
ERROR - 2021-12-21 14:49:12 --> Unknown column 'nome' in 'field list'
CRITICAL - 2021-12-21 14:49:12 --> Unknown column 'nome' in 'field list'
#0 C:\Dropbox\Projetos\www\glometal\system\Database\MySQLi\Connection.php(292): mysqli->query('SELECT `id_usua...', 0)
#1 C:\Dropbox\Projetos\www\glometal\system\Database\BaseConnection.php(670): CodeIgniter\Database\MySQLi\Connection->execute('SELECT `id_usua...')
#2 C:\Dropbox\Projetos\www\glometal\system\Database\BaseConnection.php(598): CodeIgniter\Database\BaseConnection->simpleQuery('SELECT `id_usua...')
#3 C:\Dropbox\Projetos\www\glometal\system\Database\BaseBuilder.php(1443): CodeIgniter\Database\BaseConnection->query('SELECT `id_usua...', Array, false)
#4 C:\Dropbox\Projetos\www\glometal\app\ThirdParty\codeIgniter4-datatables\src\DataTableQuery.php(215): CodeIgniter\Database\BaseBuilder->get()
#5 C:\Dropbox\Projetos\www\glometal\app\ThirdParty\codeIgniter4-datatables\src\DataTableQuery.php(70): Hermawan\DataTables\DataTableQuery->queryResult()
#6 C:\Dropbox\Projetos\www\glometal\app\ThirdParty\codeIgniter4-datatables\src\DataTable.php(175): Hermawan\DataTables\DataTableQuery->getDataResult()
#7 C:\Dropbox\Projetos\www\glometal\app\Controllers\Usuarios.php(19): Hermawan\DataTables\DataTable->toJson()
#8 C:\Dropbox\Projetos\www\glometal\system\CodeIgniter.php(824): App\Controllers\Usuarios->listar()
#9 C:\Dropbox\Projetos\www\glometal\system\CodeIgniter.php(410): CodeIgniter\CodeIgniter->runController(Object(App\Controllers\Usuarios))
#10 C:\Dropbox\Projetos\www\glometal\system\CodeIgniter.php(318): CodeIgniter\CodeIgniter->handleRequest(NULL, Object(Config\Cache), false)
#11 C:\Dropbox\Projetos\www\glometal\index.php(37): CodeIgniter\CodeIgniter->run()
#12 {main}
ERROR - 2021-12-21 14:49:14 --> Unknown column 'nome' in 'field list'
CRITICAL - 2021-12-21 14:49:14 --> Unknown column 'nome' in 'field list'
#0 C:\Dropbox\Projetos\www\glometal\system\Database\MySQLi\Connection.php(292): mysqli->query('SELECT `id_usua...', 0)
#1 C:\Dropbox\Projetos\www\glometal\system\Database\BaseConnection.php(670): CodeIgniter\Database\MySQLi\Connection->execute('SELECT `id_usua...')
#2 C:\Dropbox\Projetos\www\glometal\system\Database\BaseConnection.php(598): CodeIgniter\Database\BaseConnection->simpleQuery('SELECT `id_usua...')
#3 C:\Dropbox\Projetos\www\glometal\system\Database\BaseBuilder.php(1443): CodeIgniter\Database\BaseConnection->query('SELECT `id_usua...', Array, false)
#4 C:\Dropbox\Projetos\www\glometal\app\ThirdParty\codeIgniter4-datatables\src\DataTableQuery.php(215): CodeIgniter\Database\BaseBuilder->get()
#5 C:\Dropbox\Projetos\www\glometal\app\ThirdParty\codeIgniter4-datatables\src\DataTableQuery.php(70): Hermawan\DataTables\DataTableQuery->queryResult()
#6 C:\Dropbox\Projetos\www\glometal\app\ThirdParty\codeIgniter4-datatables\src\DataTable.php(175): Hermawan\DataTables\DataTableQuery->getDataResult()
#7 C:\Dropbox\Projetos\www\glometal\app\Controllers\Usuarios.php(19): Hermawan\DataTables\DataTable->toJson()
#8 C:\Dropbox\Projetos\www\glometal\system\CodeIgniter.php(824): App\Controllers\Usuarios->listar()
#9 C:\Dropbox\Projetos\www\glometal\system\CodeIgniter.php(410): CodeIgniter\CodeIgniter->runController(Object(App\Controllers\Usuarios))
#10 C:\Dropbox\Projetos\www\glometal\system\CodeIgniter.php(318): CodeIgniter\CodeIgniter->handleRequest(NULL, Object(Config\Cache), false)
#11 C:\Dropbox\Projetos\www\glometal\index.php(37): CodeIgniter\CodeIgniter->run()
#12 {main}
CRITICAL - 2021-12-21 14:54:09 --> syntax error, unexpected '?>'
#0 C:\Dropbox\Projetos\www\glometal\system\View\View.php(217): CodeIgniter\View\View->CodeIgniter\View\{closure}()
#1 C:\Dropbox\Projetos\www\glometal\system\Common.php(1097): CodeIgniter\View\View->render('usuarios_view.p...', Array, true)
#2 C:\Dropbox\Projetos\www\glometal\app\Controllers\Home.php(9): view('usuarios_view.p...')
#3 C:\Dropbox\Projetos\www\glometal\system\CodeIgniter.php(824): App\Controllers\Home->index()
#4 C:\Dropbox\Projetos\www\glometal\system\CodeIgniter.php(410): CodeIgniter\CodeIgniter->runController(Object(App\Controllers\Home))
#5 C:\Dropbox\Projetos\www\glometal\system\CodeIgniter.php(318): CodeIgniter\CodeIgniter->handleRequest(NULL, Object(Config\Cache), false)
#6 C:\Dropbox\Projetos\www\glometal\index.php(37): CodeIgniter\CodeIgniter->run()
#7 {main}
CRITICAL - 2021-12-21 14:54:11 --> syntax error, unexpected '?>'
#0 C:\Dropbox\Projetos\www\glometal\system\View\View.php(217): CodeIgniter\View\View->CodeIgniter\View\{closure}()
#1 C:\Dropbox\Projetos\www\glometal\system\Common.php(1097): CodeIgniter\View\View->render('usuarios_view.p...', Array, true)
#2 C:\Dropbox\Projetos\www\glometal\app\Controllers\Home.php(9): view('usuarios_view.p...')
#3 C:\Dropbox\Projetos\www\glometal\system\CodeIgniter.php(824): App\Controllers\Home->index()
#4 C:\Dropbox\Projetos\www\glometal\system\CodeIgniter.php(410): CodeIgniter\CodeIgniter->runController(Object(App\Controllers\Home))
#5 C:\Dropbox\Projetos\www\glometal\system\CodeIgniter.php(318): CodeIgniter\CodeIgniter->handleRequest(NULL, Object(Config\Cache), false)
#6 C:\Dropbox\Projetos\www\glometal\index.php(37): CodeIgniter\CodeIgniter->run()
#7 {main}
CRITICAL - 2021-12-21 14:54:11 --> syntax error, unexpected '?>'
#0 C:\Dropbox\Projetos\www\glometal\system\View\View.php(217): CodeIgniter\View\View->CodeIgniter\View\{closure}()
#1 C:\Dropbox\Projetos\www\glometal\system\Common.php(1097): CodeIgniter\View\View->render('usuarios_view.p...', Array, true)
#2 C:\Dropbox\Projetos\www\glometal\app\Controllers\Home.php(9): view('usuarios_view.p...')
#3 C:\Dropbox\Projetos\www\glometal\system\CodeIgniter.php(824): App\Controllers\Home->index()
#4 C:\Dropbox\Projetos\www\glometal\system\CodeIgniter.php(410): CodeIgniter\CodeIgniter->runController(Object(App\Controllers\Home))
#5 C:\Dropbox\Projetos\www\glometal\system\CodeIgniter.php(318): CodeIgniter\CodeIgniter->handleRequest(NULL, Object(Config\Cache), false)
#6 C:\Dropbox\Projetos\www\glometal\index.php(37): CodeIgniter\CodeIgniter->run()
#7 {main}
CRITICAL - 2021-12-21 14:54:11 --> syntax error, unexpected '?>'
#0 C:\Dropbox\Projetos\www\glometal\system\View\View.php(217): CodeIgniter\View\View->CodeIgniter\View\{closure}()
#1 C:\Dropbox\Projetos\www\glometal\system\Common.php(1097): CodeIgniter\View\View->render('usuarios_view.p...', Array, true)
#2 C:\Dropbox\Projetos\www\glometal\app\Controllers\Home.php(9): view('usuarios_view.p...')
#3 C:\Dropbox\Projetos\www\glometal\system\CodeIgniter.php(824): App\Controllers\Home->index()
#4 C:\Dropbox\Projetos\www\glometal\system\CodeIgniter.php(410): CodeIgniter\CodeIgniter->runController(Object(App\Controllers\Home))
#5 C:\Dropbox\Projetos\www\glometal\system\CodeIgniter.php(318): CodeIgniter\CodeIgniter->handleRequest(NULL, Object(Config\Cache), false)
#6 C:\Dropbox\Projetos\www\glometal\index.php(37): CodeIgniter\CodeIgniter->run()
#7 {main}
CRITICAL - 2021-12-21 14:54:11 --> syntax error, unexpected '?>'
#0 C:\Dropbox\Projetos\www\glometal\system\View\View.php(217): CodeIgniter\View\View->CodeIgniter\View\{closure}()
#1 C:\Dropbox\Projetos\www\glometal\system\Common.php(1097): CodeIgniter\View\View->render('usuarios_view.p...', Array, true)
#2 C:\Dropbox\Projetos\www\glometal\app\Controllers\Home.php(9): view('usuarios_view.p...')
#3 C:\Dropbox\Projetos\www\glometal\system\CodeIgniter.php(824): App\Controllers\Home->index()
#4 C:\Dropbox\Projetos\www\glometal\system\CodeIgniter.php(410): CodeIgniter\CodeIgniter->runController(Object(App\Controllers\Home))
#5 C:\Dropbox\Projetos\www\glometal\system\CodeIgniter.php(318): CodeIgniter\CodeIgniter->handleRequest(NULL, Object(Config\Cache), false)
#6 C:\Dropbox\Projetos\www\glometal\index.php(37): CodeIgniter\CodeIgniter->run()
#7 {main}
