CRITICAL - 2022-05-18 11:30:33 --> Argument 2 passed to log_message() must be of the type string, null given, called in C:\Dropbox\Projetos\www\glometal\app\Controllers\Entradas.php on line 34
#0 C:\Dropbox\Projetos\www\glometal\app\Controllers\Entradas.php(34): log_message('error', NULL)
#1 C:\Dropbox\Projetos\www\glometal\system\CodeIgniter.php(824): App\Controllers\Entradas->listar()
#2 C:\Dropbox\Projetos\www\glometal\system\CodeIgniter.php(410): CodeIgniter\CodeIgniter->runController(Object(App\Controllers\Entradas))
#3 C:\Dropbox\Projetos\www\glometal\system\CodeIgniter.php(318): CodeIgniter\CodeIgniter->handleRequest(NULL, Object(Config\Cache), false)
#4 C:\Dropbox\Projetos\www\glometal\index.php(37): CodeIgniter\CodeIgniter->run()
#5 {main}
ERROR - 2022-05-18 11:31:51 --> 1
CRITICAL - 2022-05-18 11:32:56 --> Call to a member function getQuery() on null
#0 C:\Dropbox\Projetos\www\glometal\system\CodeIgniter.php(824): App\Controllers\Entradas->listar()
#1 C:\Dropbox\Projetos\www\glometal\system\CodeIgniter.php(410): CodeIgniter\CodeIgniter->runController(Object(App\Controllers\Entradas))
#2 C:\Dropbox\Projetos\www\glometal\system\CodeIgniter.php(318): CodeIgniter\CodeIgniter->handleRequest(NULL, Object(Config\Cache), false)
#3 C:\Dropbox\Projetos\www\glometal\index.php(37): CodeIgniter\CodeIgniter->run()
#4 {main}
CRITICAL - 2022-05-18 11:33:55 --> Argument 2 passed to log_message() must be of the type string, null given, called in C:\Dropbox\Projetos\www\glometal\app\Controllers\Entradas.php on line 34
#0 C:\Dropbox\Projetos\www\glometal\app\Controllers\Entradas.php(34): log_message('error', NULL)
#1 C:\Dropbox\Projetos\www\glometal\system\CodeIgniter.php(824): App\Controllers\Entradas->listar()
#2 C:\Dropbox\Projetos\www\glometal\system\CodeIgniter.php(410): CodeIgniter\CodeIgniter->runController(Object(App\Controllers\Entradas))
#3 C:\Dropbox\Projetos\www\glometal\system\CodeIgniter.php(318): CodeIgniter\CodeIgniter->handleRequest(NULL, Object(Config\Cache), false)
#4 C:\Dropbox\Projetos\www\glometal\index.php(37): CodeIgniter\CodeIgniter->run()
#5 {main}
CRITICAL - 2022-05-18 11:34:24 --> array_merge(): Expected parameter 1 to be an array, string given
#0 [internal function]: CodeIgniter\Debug\Exceptions->errorHandler(2, 'array_merge(): ...', 'C:\\Dropbox\\Proj...', 1310, Array)
#1 C:\Dropbox\Projetos\www\glometal\system\Database\BaseBuilder.php(1310): array_merge('\nORDER BY `id_e...', Array)
#2 C:\Dropbox\Projetos\www\glometal\app\ThirdParty\codeIgniter4-datatables\src\DataTableQuery.php(138): CodeIgniter\Database\BaseBuilder->orderBy('data_entrada', ' ASC')
#3 C:\Dropbox\Projetos\www\glometal\app\ThirdParty\codeIgniter4-datatables\src\DataTableQuery.php(202): Hermawan\DataTables\DataTableQuery->queryOrder(Object(CodeIgniter\Database\MySQLi\Builder))
#4 C:\Dropbox\Projetos\www\glometal\app\ThirdParty\codeIgniter4-datatables\src\DataTableQuery.php(70): Hermawan\DataTables\DataTableQuery->queryResult()
#5 C:\Dropbox\Projetos\www\glometal\app\ThirdParty\codeIgniter4-datatables\src\DataTable.php(175): Hermawan\DataTables\DataTableQuery->getDataResult()
#6 C:\Dropbox\Projetos\www\glometal\app\Controllers\Entradas.php(62): Hermawan\DataTables\DataTable->toJson()
#7 C:\Dropbox\Projetos\www\glometal\system\CodeIgniter.php(824): App\Controllers\Entradas->listar()
#8 C:\Dropbox\Projetos\www\glometal\system\CodeIgniter.php(410): CodeIgniter\CodeIgniter->runController(Object(App\Controllers\Entradas))
#9 C:\Dropbox\Projetos\www\glometal\system\CodeIgniter.php(318): CodeIgniter\CodeIgniter->handleRequest(NULL, Object(Config\Cache), false)
#10 C:\Dropbox\Projetos\www\glometal\index.php(37): CodeIgniter\CodeIgniter->run()
#11 {main}
CRITICAL - 2022-05-18 11:36:06 --> array_merge(): Expected parameter 1 to be an array, string given
#0 [internal function]: CodeIgniter\Debug\Exceptions->errorHandler(2, 'array_merge(): ...', 'C:\\Dropbox\\Proj...', 1310, Array)
#1 C:\Dropbox\Projetos\www\glometal\system\Database\BaseBuilder.php(1310): array_merge('\nORDER BY `id_e...', Array)
#2 C:\Dropbox\Projetos\www\glometal\app\ThirdParty\codeIgniter4-datatables\src\DataTableQuery.php(138): CodeIgniter\Database\BaseBuilder->orderBy('data_entrada', ' ASC')
#3 C:\Dropbox\Projetos\www\glometal\app\ThirdParty\codeIgniter4-datatables\src\DataTableQuery.php(202): Hermawan\DataTables\DataTableQuery->queryOrder(Object(CodeIgniter\Database\MySQLi\Builder))
#4 C:\Dropbox\Projetos\www\glometal\app\ThirdParty\codeIgniter4-datatables\src\DataTableQuery.php(70): Hermawan\DataTables\DataTableQuery->queryResult()
#5 C:\Dropbox\Projetos\www\glometal\app\ThirdParty\codeIgniter4-datatables\src\DataTable.php(175): Hermawan\DataTables\DataTableQuery->getDataResult()
#6 C:\Dropbox\Projetos\www\glometal\app\Controllers\Entradas.php(62): Hermawan\DataTables\DataTable->toJson()
#7 C:\Dropbox\Projetos\www\glometal\system\CodeIgniter.php(824): App\Controllers\Entradas->listar()
#8 C:\Dropbox\Projetos\www\glometal\system\CodeIgniter.php(410): CodeIgniter\CodeIgniter->runController(Object(App\Controllers\Entradas))
#9 C:\Dropbox\Projetos\www\glometal\system\CodeIgniter.php(318): CodeIgniter\CodeIgniter->handleRequest(NULL, Object(Config\Cache), false)
#10 C:\Dropbox\Projetos\www\glometal\index.php(37): CodeIgniter\CodeIgniter->run()
#11 {main}
CRITICAL - 2022-05-18 11:36:08 --> array_merge(): Expected parameter 1 to be an array, string given
#0 [internal function]: CodeIgniter\Debug\Exceptions->errorHandler(2, 'array_merge(): ...', 'C:\\Dropbox\\Proj...', 1310, Array)
#1 C:\Dropbox\Projetos\www\glometal\system\Database\BaseBuilder.php(1310): array_merge('\nORDER BY `id_e...', Array)
#2 C:\Dropbox\Projetos\www\glometal\app\ThirdParty\codeIgniter4-datatables\src\DataTableQuery.php(138): CodeIgniter\Database\BaseBuilder->orderBy('data_entrada', ' DESC')
#3 C:\Dropbox\Projetos\www\glometal\app\ThirdParty\codeIgniter4-datatables\src\DataTableQuery.php(202): Hermawan\DataTables\DataTableQuery->queryOrder(Object(CodeIgniter\Database\MySQLi\Builder))
#4 C:\Dropbox\Projetos\www\glometal\app\ThirdParty\codeIgniter4-datatables\src\DataTableQuery.php(70): Hermawan\DataTables\DataTableQuery->queryResult()
#5 C:\Dropbox\Projetos\www\glometal\app\ThirdParty\codeIgniter4-datatables\src\DataTable.php(175): Hermawan\DataTables\DataTableQuery->getDataResult()
#6 C:\Dropbox\Projetos\www\glometal\app\Controllers\Entradas.php(62): Hermawan\DataTables\DataTable->toJson()
#7 C:\Dropbox\Projetos\www\glometal\system\CodeIgniter.php(824): App\Controllers\Entradas->listar()
#8 C:\Dropbox\Projetos\www\glometal\system\CodeIgniter.php(410): CodeIgniter\CodeIgniter->runController(Object(App\Controllers\Entradas))
#9 C:\Dropbox\Projetos\www\glometal\system\CodeIgniter.php(318): CodeIgniter\CodeIgniter->handleRequest(NULL, Object(Config\Cache), false)
#10 C:\Dropbox\Projetos\www\glometal\index.php(37): CodeIgniter\CodeIgniter->run()
#11 {main}
ERROR - 2022-05-18 12:11:12 --> You have an error in your SQL syntax; check the manual that corresponds to your MySQL server version for the right syntax to use near 'FROM `pesagens`
WHERE `pesagens`.`id_entrada` = 50
ORDER BY `sequencia` ASC' at line 2
CRITICAL - 2022-05-18 12:11:12 --> Call to a member function getResult() on bool
#0 C:\Dropbox\Projetos\www\glometal\app\ThirdParty\codeIgniter4-datatables\src\DataTableQuery.php(70): Hermawan\DataTables\DataTableQuery->queryResult()
#1 C:\Dropbox\Projetos\www\glometal\app\ThirdParty\codeIgniter4-datatables\src\DataTable.php(175): Hermawan\DataTables\DataTableQuery->getDataResult()
#2 C:\Dropbox\Projetos\www\glometal\app\Controllers\Pesagens.php(40): Hermawan\DataTables\DataTable->toJson()
#3 C:\Dropbox\Projetos\www\glometal\system\CodeIgniter.php(824): App\Controllers\Pesagens->listar('50')
#4 C:\Dropbox\Projetos\www\glometal\system\CodeIgniter.php(410): CodeIgniter\CodeIgniter->runController(Object(App\Controllers\Pesagens))
#5 C:\Dropbox\Projetos\www\glometal\system\CodeIgniter.php(318): CodeIgniter\CodeIgniter->handleRequest(NULL, Object(Config\Cache), false)
#6 C:\Dropbox\Projetos\www\glometal\index.php(37): CodeIgniter\CodeIgniter->run()
#7 {main}
ERROR - 2022-05-18 16:14:01 --> You have an error in your SQL syntax; check the manual that corresponds to your MySQL server version for the right syntax to use near 'peso_bruto`, replace(entradas.peso_limpo, ".", ", ") peso_limpo, replace(entrada' at line 1
CRITICAL - 2022-05-18 16:14:01 --> Call to a member function getResult() on bool
#0 C:\Dropbox\Projetos\www\glometal\app\ThirdParty\codeIgniter4-datatables\src\DataTableQuery.php(70): Hermawan\DataTables\DataTableQuery->queryResult()
#1 C:\Dropbox\Projetos\www\glometal\app\ThirdParty\codeIgniter4-datatables\src\DataTable.php(175): Hermawan\DataTables\DataTableQuery->getDataResult()
#2 C:\Dropbox\Projetos\www\glometal\app\Controllers\Entradas.php(61): Hermawan\DataTables\DataTable->toJson()
#3 C:\Dropbox\Projetos\www\glometal\system\CodeIgniter.php(824): App\Controllers\Entradas->listar()
#4 C:\Dropbox\Projetos\www\glometal\system\CodeIgniter.php(410): CodeIgniter\CodeIgniter->runController(Object(App\Controllers\Entradas))
#5 C:\Dropbox\Projetos\www\glometal\system\CodeIgniter.php(318): CodeIgniter\CodeIgniter->handleRequest(NULL, Object(Config\Cache), false)
#6 C:\Dropbox\Projetos\www\glometal\index.php(37): CodeIgniter\CodeIgniter->run()
#7 {main}
ERROR - 2022-05-18 16:14:34 --> Unknown column '100.00' in 'field list'
CRITICAL - 2022-05-18 16:14:34 --> Call to a member function getResult() on bool
#0 C:\Dropbox\Projetos\www\glometal\app\ThirdParty\codeIgniter4-datatables\src\DataTableQuery.php(70): Hermawan\DataTables\DataTableQuery->queryResult()
#1 C:\Dropbox\Projetos\www\glometal\app\ThirdParty\codeIgniter4-datatables\src\DataTable.php(175): Hermawan\DataTables\DataTableQuery->getDataResult()
#2 C:\Dropbox\Projetos\www\glometal\app\Controllers\Entradas.php(61): Hermawan\DataTables\DataTable->toJson()
#3 C:\Dropbox\Projetos\www\glometal\system\CodeIgniter.php(824): App\Controllers\Entradas->listar()
#4 C:\Dropbox\Projetos\www\glometal\system\CodeIgniter.php(410): CodeIgniter\CodeIgniter->runController(Object(App\Controllers\Entradas))
#5 C:\Dropbox\Projetos\www\glometal\system\CodeIgniter.php(318): CodeIgniter\CodeIgniter->handleRequest(NULL, Object(Config\Cache), false)
#6 C:\Dropbox\Projetos\www\glometal\index.php(37): CodeIgniter\CodeIgniter->run()
#7 {main}
ERROR - 2022-05-18 16:19:04 --> Unknown column '3"' in 'field list'
CRITICAL - 2022-05-18 16:19:04 --> Call to a member function getResult() on bool
#0 C:\Dropbox\Projetos\www\glometal\app\ThirdParty\codeIgniter4-datatables\src\DataTableQuery.php(70): Hermawan\DataTables\DataTableQuery->queryResult()
#1 C:\Dropbox\Projetos\www\glometal\app\ThirdParty\codeIgniter4-datatables\src\DataTable.php(175): Hermawan\DataTables\DataTableQuery->getDataResult()
#2 C:\Dropbox\Projetos\www\glometal\app\Controllers\Entradas.php(61): Hermawan\DataTables\DataTable->toJson()
#3 C:\Dropbox\Projetos\www\glometal\system\CodeIgniter.php(824): App\Controllers\Entradas->listar()
#4 C:\Dropbox\Projetos\www\glometal\system\CodeIgniter.php(410): CodeIgniter\CodeIgniter->runController(Object(App\Controllers\Entradas))
#5 C:\Dropbox\Projetos\www\glometal\system\CodeIgniter.php(318): CodeIgniter\CodeIgniter->handleRequest(NULL, Object(Config\Cache), false)
#6 C:\Dropbox\Projetos\www\glometal\index.php(37): CodeIgniter\CodeIgniter->run()
#7 {main}
