CRITICAL - 2022-01-11 09:30:32 --> Undefined variable: titulo_pagina
#0 C:\Dropbox\Projetos\www\glometal\app\Views\base\header.php(7): CodeIgniter\Debug\Exceptions->errorHandler(8, 'Undefined varia...', 'C:\\Dropbox\\Proj...', 7, Array)
#1 C:\Dropbox\Projetos\www\glometal\system\View\View.php(214): include('C:\\Dropbox\\Proj...')
#2 C:\Dropbox\Projetos\www\glometal\system\View\View.php(217): CodeIgniter\View\View->CodeIgniter\View\{closure}()
#3 C:\Dropbox\Projetos\www\glometal\system\Common.php(1097): CodeIgniter\View\View->render('base/header.php', Array, true)
#4 C:\Dropbox\Projetos\www\glometal\app\Controllers\Home.php(9): view('base/header.php')
#5 C:\Dropbox\Projetos\www\glometal\system\CodeIgniter.php(824): App\Controllers\Home->index()
#6 C:\Dropbox\Projetos\www\glometal\system\CodeIgniter.php(410): CodeIgniter\CodeIgniter->runController(Object(App\Controllers\Home))
#7 C:\Dropbox\Projetos\www\glometal\system\CodeIgniter.php(318): CodeIgniter\CodeIgniter->handleRequest(NULL, Object(Config\Cache), false)
#8 C:\Dropbox\Projetos\www\glometal\index.php(37): CodeIgniter\CodeIgniter->run()
#9 {main}
CRITICAL - 2022-01-11 12:28:10 --> Undefined variable: titulo_pagina
#0 C:\Dropbox\Projetos\www\glometal\app\Views\base\header.php(7): CodeIgniter\Debug\Exceptions->errorHandler(8, 'Undefined varia...', 'C:\\Dropbox\\Proj...', 7, Array)
#1 C:\Dropbox\Projetos\www\glometal\system\View\View.php(214): include('C:\\Dropbox\\Proj...')
#2 C:\Dropbox\Projetos\www\glometal\system\View\View.php(217): CodeIgniter\View\View->CodeIgniter\View\{closure}()
#3 C:\Dropbox\Projetos\www\glometal\system\Common.php(1097): CodeIgniter\View\View->render('base/header.php', Array, true)
#4 C:\Dropbox\Projetos\www\glometal\app\Controllers\Home.php(9): view('base/header.php')
#5 C:\Dropbox\Projetos\www\glometal\system\CodeIgniter.php(824): App\Controllers\Home->index()
#6 C:\Dropbox\Projetos\www\glometal\system\CodeIgniter.php(410): CodeIgniter\CodeIgniter->runController(Object(App\Controllers\Home))
#7 C:\Dropbox\Projetos\www\glometal\system\CodeIgniter.php(318): CodeIgniter\CodeIgniter->handleRequest(NULL, Object(Config\Cache), false)
#8 C:\Dropbox\Projetos\www\glometal\index.php(37): CodeIgniter\CodeIgniter->run()
#9 {main}
ERROR - 2022-01-11 12:34:04 --> Error connecting to the database: Nenhuma conexão pôde ser feita porque a máquina de destino as recusou ativamente.

CRITICAL - 2022-01-11 12:34:04 --> Unable to connect to the database.
Main connection [MySQLi]: Nenhuma conexão pôde ser feita porque a máquina de destino as recusou ativamente.

#0 C:\Dropbox\Projetos\www\glometal\system\Database\BaseConnection.php(577): CodeIgniter\Database\BaseConnection->initialize()
#1 C:\Dropbox\Projetos\www\glometal\system\Database\BaseBuilder.php(1443): CodeIgniter\Database\BaseConnection->query('SELECT `id_forn...', Array, false)
#2 C:\Dropbox\Projetos\www\glometal\system\Model.php(183): CodeIgniter\Database\BaseBuilder->get()
#3 C:\Dropbox\Projetos\www\glometal\system\BaseModel.php(584): CodeIgniter\Model->doFindAll(0, 0)
#4 C:\Dropbox\Projetos\www\glometal\app\Controllers\Fornecedores.php(103): CodeIgniter\BaseModel->findAll()
#5 C:\Dropbox\Projetos\www\glometal\system\CodeIgniter.php(824): App\Controllers\Fornecedores->listar_select()
#6 C:\Dropbox\Projetos\www\glometal\system\CodeIgniter.php(410): CodeIgniter\CodeIgniter->runController(Object(App\Controllers\Fornecedores))
#7 C:\Dropbox\Projetos\www\glometal\system\CodeIgniter.php(318): CodeIgniter\CodeIgniter->handleRequest(NULL, Object(Config\Cache), false)
#8 C:\Dropbox\Projetos\www\glometal\index.php(37): CodeIgniter\CodeIgniter->run()
#9 {main}
ERROR - 2022-01-11 12:34:06 --> Error connecting to the database: Nenhuma conexão pôde ser feita porque a máquina de destino as recusou ativamente.

CRITICAL - 2022-01-11 12:34:06 --> Unable to connect to the database.
Main connection [MySQLi]: Nenhuma conexão pôde ser feita porque a máquina de destino as recusou ativamente.

#0 C:\Dropbox\Projetos\www\glometal\system\Database\BaseConnection.php(577): CodeIgniter\Database\BaseConnection->initialize()
#1 C:\Dropbox\Projetos\www\glometal\system\Database\BaseBuilder.php(1443): CodeIgniter\Database\BaseConnection->query('SELECT `id_tipo...', Array, false)
#2 C:\Dropbox\Projetos\www\glometal\system\Model.php(183): CodeIgniter\Database\BaseBuilder->get()
#3 C:\Dropbox\Projetos\www\glometal\system\BaseModel.php(584): CodeIgniter\Model->doFindAll(0, 0)
#4 C:\Dropbox\Projetos\www\glometal\app\Controllers\Tipos_materiais.php(103): CodeIgniter\BaseModel->findAll()
#5 C:\Dropbox\Projetos\www\glometal\system\CodeIgniter.php(824): App\Controllers\Tipos_materiais->listar_select()
#6 C:\Dropbox\Projetos\www\glometal\system\CodeIgniter.php(410): CodeIgniter\CodeIgniter->runController(Object(App\Controllers\Tipos_materiais))
#7 C:\Dropbox\Projetos\www\glometal\system\CodeIgniter.php(318): CodeIgniter\CodeIgniter->handleRequest(NULL, Object(Config\Cache), false)
#8 C:\Dropbox\Projetos\www\glometal\index.php(37): CodeIgniter\CodeIgniter->run()
#9 {main}
