CRITICAL - 2021-12-22 10:25:14 --> Invalid file: base/footer.php
#0 C:\Dropbox\Projetos\www\glometal\system\View\View.php(198): CodeIgniter\Exceptions\FrameworkException::forInvalidFile('base/footer.php')
#1 C:\Dropbox\Projetos\www\glometal\system\Common.php(1097): CodeIgniter\View\View->render('base/footer.php', Array, true)
#2 C:\Dropbox\Projetos\www\glometal\app\Views\usuarios_view.php(82): view('base/footer.php')
#3 C:\Dropbox\Projetos\www\glometal\system\View\View.php(214): include('C:\\Dropbox\\Proj...')
#4 C:\Dropbox\Projetos\www\glometal\system\View\View.php(217): CodeIgniter\View\View->CodeIgniter\View\{closure}()
#5 C:\Dropbox\Projetos\www\glometal\system\Common.php(1097): CodeIgniter\View\View->render('usuarios_view.p...', Array, true)
#6 C:\Dropbox\Projetos\www\glometal\app\Controllers\Home.php(9): view('usuarios_view.p...')
#7 C:\Dropbox\Projetos\www\glometal\system\CodeIgniter.php(824): App\Controllers\Home->index()
#8 C:\Dropbox\Projetos\www\glometal\system\CodeIgniter.php(410): CodeIgniter\CodeIgniter->runController(Object(App\Controllers\Home))
#9 C:\Dropbox\Projetos\www\glometal\system\CodeIgniter.php(318): CodeIgniter\CodeIgniter->handleRequest(NULL, Object(Config\Cache), false)
#10 C:\Dropbox\Projetos\www\glometal\index.php(37): CodeIgniter\CodeIgniter->run()
#11 {main}
CRITICAL - 2021-12-22 10:26:24 --> Invalid file: base/footer.php
#0 C:\Dropbox\Projetos\www\glometal\system\View\View.php(198): CodeIgniter\Exceptions\FrameworkException::forInvalidFile('base/footer.php')
#1 C:\Dropbox\Projetos\www\glometal\system\Common.php(1097): CodeIgniter\View\View->render('base/footer.php', Array, true)
#2 C:\Dropbox\Projetos\www\glometal\app\Views\usuarios_view.php(82): view('base/footer.php')
#3 C:\Dropbox\Projetos\www\glometal\system\View\View.php(214): include('C:\\Dropbox\\Proj...')
#4 C:\Dropbox\Projetos\www\glometal\system\View\View.php(217): CodeIgniter\View\View->CodeIgniter\View\{closure}()
#5 C:\Dropbox\Projetos\www\glometal\system\Common.php(1097): CodeIgniter\View\View->render('usuarios_view.p...', Array, true)
#6 C:\Dropbox\Projetos\www\glometal\app\Controllers\Home.php(9): view('usuarios_view.p...')
#7 C:\Dropbox\Projetos\www\glometal\system\CodeIgniter.php(824): App\Controllers\Home->index()
#8 C:\Dropbox\Projetos\www\glometal\system\CodeIgniter.php(410): CodeIgniter\CodeIgniter->runController(Object(App\Controllers\Home))
#9 C:\Dropbox\Projetos\www\glometal\system\CodeIgniter.php(318): CodeIgniter\CodeIgniter->handleRequest(NULL, Object(Config\Cache), false)
#10 C:\Dropbox\Projetos\www\glometal\index.php(37): CodeIgniter\CodeIgniter->run()
#11 {main}
ERROR - 2021-12-22 12:33:49 --> Error connecting to the database: Nenhuma conexão pôde ser feita porque a máquina de destino as recusou ativamente.

CRITICAL - 2021-12-22 12:33:49 --> Unable to connect to the database.
Main connection [MySQLi]: Nenhuma conexão pôde ser feita porque a máquina de destino as recusou ativamente.

#0 C:\Dropbox\Projetos\www\glometal\system\Database\BaseConnection.php(577): CodeIgniter\Database\BaseConnection->initialize()
#1 C:\Dropbox\Projetos\www\glometal\system\Database\BaseBuilder.php(1527): CodeIgniter\Database\BaseConnection->query('SELECT COUNT(*)...', Array, false)
#2 C:\Dropbox\Projetos\www\glometal\app\ThirdParty\codeIgniter4-datatables\src\DataTableQuery.php(53): CodeIgniter\Database\BaseBuilder->countAllResults()
#3 C:\Dropbox\Projetos\www\glometal\app\ThirdParty\codeIgniter4-datatables\src\DataTable.php(173): Hermawan\DataTables\DataTableQuery->countAll()
#4 C:\Dropbox\Projetos\www\glometal\app\Controllers\Usuarios.php(23): Hermawan\DataTables\DataTable->toJson()
#5 C:\Dropbox\Projetos\www\glometal\system\CodeIgniter.php(824): App\Controllers\Usuarios->listar()
#6 C:\Dropbox\Projetos\www\glometal\system\CodeIgniter.php(410): CodeIgniter\CodeIgniter->runController(Object(App\Controllers\Usuarios))
#7 C:\Dropbox\Projetos\www\glometal\system\CodeIgniter.php(318): CodeIgniter\CodeIgniter->handleRequest(NULL, Object(Config\Cache), false)
#8 C:\Dropbox\Projetos\www\glometal\index.php(37): CodeIgniter\CodeIgniter->run()
#9 {main}
CRITICAL - 2021-12-22 16:54:06 --> Array to string conversion
#0 C:\Dropbox\Projetos\www\glometal\app\Controllers\Usuarios.php(30): CodeIgniter\Debug\Exceptions->errorHandler(8, 'Array to string...', 'C:\\Dropbox\\Proj...', 30, Array)
#1 C:\Dropbox\Projetos\www\glometal\system\CodeIgniter.php(824): App\Controllers\Usuarios->remover('1')
#2 C:\Dropbox\Projetos\www\glometal\system\CodeIgniter.php(410): CodeIgniter\CodeIgniter->runController(Object(App\Controllers\Usuarios))
#3 C:\Dropbox\Projetos\www\glometal\system\CodeIgniter.php(318): CodeIgniter\CodeIgniter->handleRequest(NULL, Object(Config\Cache), false)
#4 C:\Dropbox\Projetos\www\glometal\index.php(37): CodeIgniter\CodeIgniter->run()
#5 {main}
CRITICAL - 2021-12-22 16:54:14 --> Too few arguments to function App\Controllers\Usuarios::remover(), 0 passed in C:\Dropbox\Projetos\www\glometal\system\CodeIgniter.php on line 824 and exactly 1 expected
#0 C:\Dropbox\Projetos\www\glometal\system\CodeIgniter.php(824): App\Controllers\Usuarios->remover()
#1 C:\Dropbox\Projetos\www\glometal\system\CodeIgniter.php(410): CodeIgniter\CodeIgniter->runController(Object(App\Controllers\Usuarios))
#2 C:\Dropbox\Projetos\www\glometal\system\CodeIgniter.php(318): CodeIgniter\CodeIgniter->handleRequest(NULL, Object(Config\Cache), false)
#3 C:\Dropbox\Projetos\www\glometal\index.php(37): CodeIgniter\CodeIgniter->run()
#4 {main}
CRITICAL - 2021-12-22 16:56:03 --> Array to string conversion
#0 C:\Dropbox\Projetos\www\glometal\app\Controllers\Usuarios.php(30): CodeIgniter\Debug\Exceptions->errorHandler(8, 'Array to string...', 'C:\\Dropbox\\Proj...', 30, Array)
#1 C:\Dropbox\Projetos\www\glometal\system\CodeIgniter.php(824): App\Controllers\Usuarios->remover('1')
#2 C:\Dropbox\Projetos\www\glometal\system\CodeIgniter.php(410): CodeIgniter\CodeIgniter->runController(Object(App\Controllers\Usuarios))
#3 C:\Dropbox\Projetos\www\glometal\system\CodeIgniter.php(318): CodeIgniter\CodeIgniter->handleRequest(NULL, Object(Config\Cache), false)
#4 C:\Dropbox\Projetos\www\glometal\index.php(37): CodeIgniter\CodeIgniter->run()
#5 {main}
