CRITICAL - 2021-12-23 11:59:02 --> syntax error, unexpected '='
#0 C:\Dropbox\Projetos\www\glometal\system\Router\Router.php(176): CodeIgniter\Router\Router->autoRoute('/usuarios')
#1 C:\Dropbox\Projetos\www\glometal\system\CodeIgniter.php(718): CodeIgniter\Router\Router->handle('/usuarios')
#2 C:\Dropbox\Projetos\www\glometal\system\CodeIgniter.php(359): CodeIgniter\CodeIgniter->tryToRouteIt(Object(CodeIgniter\Router\RouteCollection))
#3 C:\Dropbox\Projetos\www\glometal\system\CodeIgniter.php(318): CodeIgniter\CodeIgniter->handleRequest(NULL, Object(Config\Cache), false)
#4 C:\Dropbox\Projetos\www\glometal\index.php(37): CodeIgniter\CodeIgniter->run()
#5 {main}
ERROR - 2021-12-23 17:13:39 --> Error connecting to the database: php_network_getaddresses: getaddrinfo failed: Este host não é conhecido. 
CRITICAL - 2021-12-23 17:13:39 --> Unable to connect to the database.
Main connection [MySQLi]: php_network_getaddresses: getaddrinfo failed: Este host não é conhecido. 
#0 C:\Dropbox\Projetos\www\glometal\system\Database\BaseConnection.php(577): CodeIgniter\Database\BaseConnection->initialize()
#1 C:\Dropbox\Projetos\www\glometal\system\Database\BaseBuilder.php(1527): CodeIgniter\Database\BaseConnection->query('SELECT COUNT(*)...', Array, false)
#2 C:\Dropbox\Projetos\www\glometal\app\ThirdParty\codeIgniter4-datatables\src\DataTableQuery.php(53): CodeIgniter\Database\BaseBuilder->countAllResults()
#3 C:\Dropbox\Projetos\www\glometal\app\ThirdParty\codeIgniter4-datatables\src\DataTable.php(173): Hermawan\DataTables\DataTableQuery->countAll()
#4 C:\Dropbox\Projetos\www\glometal\app\Controllers\Usuarios.php(23): Hermawan\DataTables\DataTable->toJson()
#5 C:\Dropbox\Projetos\www\glometal\system\CodeIgniter.php(824): App\Controllers\Usuarios->listar()
#6 C:\Dropbox\Projetos\www\glometal\system\CodeIgniter.php(410): CodeIgniter\CodeIgniter->runController(Object(App\Controllers\Usuarios))
#7 C:\Dropbox\Projetos\www\glometal\system\CodeIgniter.php(318): CodeIgniter\CodeIgniter->handleRequest(NULL, Object(Config\Cache), false)
#8 C:\Dropbox\Projetos\www\glometal\index.php(37): CodeIgniter\CodeIgniter->run()
#9 {main}
CRITICAL - 2021-12-23 17:13:39 --> Uncaught CodeIgniter\Format\Exceptions\FormatException: Failed to parse json string, error: "Malformed UTF-8 characters, possibly incorrectly encoded". in C:\Dropbox\Projetos\www\glometal\system\Format\JSONFormatter.php:41
Stack trace:
#0 C:\Dropbox\Projetos\www\glometal\system\Format\JSONFormatter.php(41): CodeIgniter\Format\Exceptions\FormatException::forInvalidJSON('Malformed UTF-8...')
#1 C:\Dropbox\Projetos\www\glometal\system\API\ResponseTrait.php(341): CodeIgniter\Format\JSONFormatter->format(Array)
#2 C:\Dropbox\Projetos\www\glometal\system\API\ResponseTrait.php(99): CodeIgniter\Debug\Exceptions->format(Array)
#3 C:\Dropbox\Projetos\www\glometal\system\Debug\Exceptions.php(110): CodeIgniter\Debug\Exceptions->respond(Array, 500)
#4 [internal function]: CodeIgniter\Debug\Exceptions->exceptionHandler(Object(CodeIgniter\Database\Exceptions\DatabaseException))
#5 {main}
  thrown
#0 [internal function]: CodeIgniter\Debug\Exceptions->shutdownHandler()
#1 {main}
