ERROR - 2023-06-19 17:49:41 --> You have an error in your SQL syntax; check the manual that corresponds to your MySQL server version for the right syntax to use near '\'%d/%m/%Y\') data_entrada, `fornecedores`.`nome`, `tipos_materiais`.`descricao`' at line 1
CRITICAL - 2023-06-19 17:49:41 --> Call to a member function getResult() on bool
#0 C:\Dropbox\Projetos\www\glometal\app\ThirdParty\codeigniter4-datatables\src\DataTableQuery.php(70): Hermawan\DataTables\DataTableQuery->queryResult()
#1 C:\Dropbox\Projetos\www\glometal\app\ThirdParty\codeigniter4-datatables\src\DataTable.php(175): Hermawan\DataTables\DataTableQuery->getDataResult()
#2 C:\Dropbox\Projetos\www\glometal\app\Controllers\Entradas.php(61): Hermawan\DataTables\DataTable->toJson()
#3 C:\Dropbox\Projetos\www\glometal\system\CodeIgniter.php(824): App\Controllers\Entradas->listar()
#4 C:\Dropbox\Projetos\www\glometal\system\CodeIgniter.php(410): CodeIgniter\CodeIgniter->runController(Object(App\Controllers\Entradas))
#5 C:\Dropbox\Projetos\www\glometal\system\CodeIgniter.php(318): CodeIgniter\CodeIgniter->handleRequest(NULL, Object(Config\Cache), false)
#6 C:\Dropbox\Projetos\www\glometal\index.php(37): CodeIgniter\CodeIgniter->run()
#7 {main}
ERROR - 2023-06-19 17:50:33 --> You have an error in your SQL syntax; check the manual that corresponds to your MySQL server version for the right syntax to use near '\'%d/%m/%Y\') data_entrada, `fornecedores`.`nome`, `tipos_materiais`.`descricao`' at line 1
CRITICAL - 2023-06-19 17:50:33 --> Call to a member function getResult() on bool
#0 C:\Dropbox\Projetos\www\glometal\app\ThirdParty\codeigniter4-datatables\src\DataTableQuery.php(70): Hermawan\DataTables\DataTableQuery->queryResult()
#1 C:\Dropbox\Projetos\www\glometal\app\ThirdParty\codeigniter4-datatables\src\DataTable.php(175): Hermawan\DataTables\DataTableQuery->getDataResult()
#2 C:\Dropbox\Projetos\www\glometal\app\Controllers\Entradas.php(61): Hermawan\DataTables\DataTable->toJson()
#3 C:\Dropbox\Projetos\www\glometal\system\CodeIgniter.php(824): App\Controllers\Entradas->listar()
#4 C:\Dropbox\Projetos\www\glometal\system\CodeIgniter.php(410): CodeIgniter\CodeIgniter->runController(Object(App\Controllers\Entradas))
#5 C:\Dropbox\Projetos\www\glometal\system\CodeIgniter.php(318): CodeIgniter\CodeIgniter->handleRequest(NULL, Object(Config\Cache), false)
#6 C:\Dropbox\Projetos\www\glometal\index.php(37): CodeIgniter\CodeIgniter->run()
#7 {main}
ERROR - 2023-06-19 17:50:36 --> You have an error in your SQL syntax; check the manual that corresponds to your MySQL server version for the right syntax to use near '\'%d/%m/%Y\') data_entrada, `fornecedores`.`nome`, `tipos_materiais`.`descricao`' at line 1
CRITICAL - 2023-06-19 17:50:36 --> Call to a member function getResult() on bool
#0 C:\Dropbox\Projetos\www\glometal\app\ThirdParty\codeigniter4-datatables\src\DataTableQuery.php(70): Hermawan\DataTables\DataTableQuery->queryResult()
#1 C:\Dropbox\Projetos\www\glometal\app\ThirdParty\codeigniter4-datatables\src\DataTable.php(175): Hermawan\DataTables\DataTableQuery->getDataResult()
#2 C:\Dropbox\Projetos\www\glometal\app\Controllers\Entradas.php(61): Hermawan\DataTables\DataTable->toJson()
#3 C:\Dropbox\Projetos\www\glometal\system\CodeIgniter.php(824): App\Controllers\Entradas->listar()
#4 C:\Dropbox\Projetos\www\glometal\system\CodeIgniter.php(410): CodeIgniter\CodeIgniter->runController(Object(App\Controllers\Entradas))
#5 C:\Dropbox\Projetos\www\glometal\system\CodeIgniter.php(318): CodeIgniter\CodeIgniter->handleRequest(NULL, Object(Config\Cache), false)
#6 C:\Dropbox\Projetos\www\glometal\index.php(37): CodeIgniter\CodeIgniter->run()
#7 {main}
ERROR - 2023-06-19 17:51:03 --> You have an error in your SQL syntax; check the manual that corresponds to your MySQL server version for the right syntax to use near '\'%d/%m/%Y\') data_entrada, `fornecedores`.`nome`, `tipos_materiais`.`descricao`' at line 1
CRITICAL - 2023-06-19 17:51:03 --> Call to a member function getResult() on bool
#0 C:\Dropbox\Projetos\www\glometal\app\ThirdParty\codeigniter4-datatables\src\DataTableQuery.php(70): Hermawan\DataTables\DataTableQuery->queryResult()
#1 C:\Dropbox\Projetos\www\glometal\app\ThirdParty\codeigniter4-datatables\src\DataTable.php(175): Hermawan\DataTables\DataTableQuery->getDataResult()
#2 C:\Dropbox\Projetos\www\glometal\app\Controllers\Entradas.php(61): Hermawan\DataTables\DataTable->toJson()
#3 C:\Dropbox\Projetos\www\glometal\system\CodeIgniter.php(824): App\Controllers\Entradas->listar()
#4 C:\Dropbox\Projetos\www\glometal\system\CodeIgniter.php(410): CodeIgniter\CodeIgniter->runController(Object(App\Controllers\Entradas))
#5 C:\Dropbox\Projetos\www\glometal\system\CodeIgniter.php(318): CodeIgniter\CodeIgniter->handleRequest(NULL, Object(Config\Cache), false)
#6 C:\Dropbox\Projetos\www\glometal\index.php(37): CodeIgniter\CodeIgniter->run()
#7 {main}
