CRITICAL - 2021-12-14 15:49:46 --> The framework needs the following extension(s) installed and loaded: intl.
#0 C:\Dropbox\Projetos\www\glometal\system\CodeIgniter.php(219): CodeIgniter\Exceptions\FrameworkException::forMissingExtension('intl')
#1 C:\Dropbox\Projetos\www\glometal\system\CodeIgniter.php(177): CodeIgniter\CodeIgniter->resolvePlatformExtensions()
#2 C:\Dropbox\Projetos\www\glometal\system\bootstrap.php(146): CodeIgniter\CodeIgniter->initialize()
#3 C:\Dropbox\Projetos\www\glometal\public\index.php(28): require('C:\\Dropbox\\Proj...')
#4 {main}
CRITICAL - 2021-12-14 15:52:02 --> The framework needs the following extension(s) installed and loaded: intl.
#0 C:\Dropbox\Projetos\www\glometal\system\CodeIgniter.php(219): CodeIgniter\Exceptions\FrameworkException::forMissingExtension('intl')
#1 C:\Dropbox\Projetos\www\glometal\system\CodeIgniter.php(177): CodeIgniter\CodeIgniter->resolvePlatformExtensions()
#2 C:\Dropbox\Projetos\www\glometal\system\bootstrap.php(146): CodeIgniter\CodeIgniter->initialize()
#3 C:\Dropbox\Projetos\www\glometal\spark(45): require('C:\\Dropbox\\Proj...')
#4 {main}
CRITICAL - 2021-12-14 16:03:44 --> The framework needs the following extension(s) installed and loaded: intl.
#0 C:\Dropbox\Projetos\www\glometal\system\CodeIgniter.php(219): CodeIgniter\Exceptions\FrameworkException::forMissingExtension('intl')
#1 C:\Dropbox\Projetos\www\glometal\system\CodeIgniter.php(177): CodeIgniter\CodeIgniter->resolvePlatformExtensions()
#2 C:\Dropbox\Projetos\www\glometal\system\bootstrap.php(146): CodeIgniter\CodeIgniter->initialize()
#3 C:\Dropbox\Projetos\www\glometal\public\index.php(28): require('C:\\Dropbox\\Proj...')
#4 {main}
CRITICAL - 2021-12-14 16:04:33 --> The framework needs the following extension(s) installed and loaded: intl.
#0 C:\Dropbox\Projetos\www\glometal\system\CodeIgniter.php(219): CodeIgniter\Exceptions\FrameworkException::forMissingExtension('intl')
#1 C:\Dropbox\Projetos\www\glometal\system\CodeIgniter.php(177): CodeIgniter\CodeIgniter->resolvePlatformExtensions()
#2 C:\Dropbox\Projetos\www\glometal\system\bootstrap.php(146): CodeIgniter\CodeIgniter->initialize()
#3 C:\Dropbox\Projetos\www\glometal\public\index.php(28): require('C:\\Dropbox\\Proj...')
#4 {main}
CRITICAL - 2021-12-14 16:05:58 --> The framework needs the following extension(s) installed and loaded: intl.
#0 C:\Dropbox\Projetos\www\glometal\system\CodeIgniter.php(219): CodeIgniter\Exceptions\FrameworkException::forMissingExtension('intl')
#1 C:\Dropbox\Projetos\www\glometal\system\CodeIgniter.php(177): CodeIgniter\CodeIgniter->resolvePlatformExtensions()
#2 C:\Dropbox\Projetos\www\glometal\system\bootstrap.php(146): CodeIgniter\CodeIgniter->initialize()
#3 C:\Dropbox\Projetos\www\glometal\public\index.php(28): require('C:\\Dropbox\\Proj...')
#4 {main}
CRITICAL - 2021-12-14 16:10:36 --> The framework needs the following extension(s) installed and loaded: intl.
#0 C:\Dropbox\Projetos\www\glometal\system\CodeIgniter.php(219): CodeIgniter\Exceptions\FrameworkException::forMissingExtension('intl')
#1 C:\Dropbox\Projetos\www\glometal\system\CodeIgniter.php(177): CodeIgniter\CodeIgniter->resolvePlatformExtensions()
#2 C:\Dropbox\Projetos\www\glometal\system\bootstrap.php(146): CodeIgniter\CodeIgniter->initialize()
#3 C:\Dropbox\Projetos\www\glometal\public\index.php(28): require('C:\\Dropbox\\Proj...')
#4 {main}
CRITICAL - 2021-12-14 09:28:22 --> syntax error, unexpected '"></script>' (T_CONSTANT_ENCAPSED_STRING), expecting ';' or ','
#0 C:\Dropbox\Projetos\www\glometal\system\View\View.php(217): CodeIgniter\View\View->CodeIgniter\View\{closure}()
#1 C:\Dropbox\Projetos\www\glometal\system\Common.php(1097): CodeIgniter\View\View->render('base/header.php', Array, true)
#2 C:\Dropbox\Projetos\www\glometal\app\Controllers\Home.php(9): view('base/header.php')
#3 C:\Dropbox\Projetos\www\glometal\system\CodeIgniter.php(824): App\Controllers\Home->index()
#4 C:\Dropbox\Projetos\www\glometal\system\CodeIgniter.php(410): CodeIgniter\CodeIgniter->runController(Object(App\Controllers\Home))
#5 C:\Dropbox\Projetos\www\glometal\system\CodeIgniter.php(318): CodeIgniter\CodeIgniter->handleRequest(NULL, Object(Config\Cache), false)
#6 C:\Dropbox\Projetos\www\glometal\public\index.php(37): CodeIgniter\CodeIgniter->run()
#7 {main}
CRITICAL - 2021-12-14 09:29:42 --> syntax error, unexpected '?>', expecting ')'
#0 C:\Dropbox\Projetos\www\glometal\system\View\View.php(217): CodeIgniter\View\View->CodeIgniter\View\{closure}()
#1 C:\Dropbox\Projetos\www\glometal\system\Common.php(1097): CodeIgniter\View\View->render('base/header.php', Array, true)
#2 C:\Dropbox\Projetos\www\glometal\app\Controllers\Home.php(9): view('base/header.php')
#3 C:\Dropbox\Projetos\www\glometal\system\CodeIgniter.php(824): App\Controllers\Home->index()
#4 C:\Dropbox\Projetos\www\glometal\system\CodeIgniter.php(410): CodeIgniter\CodeIgniter->runController(Object(App\Controllers\Home))
#5 C:\Dropbox\Projetos\www\glometal\system\CodeIgniter.php(318): CodeIgniter\CodeIgniter->handleRequest(NULL, Object(Config\Cache), false)
#6 C:\Dropbox\Projetos\www\glometal\public\index.php(37): CodeIgniter\CodeIgniter->run()
#7 {main}
CRITICAL - 2021-12-14 10:40:35 --> syntax error, unexpected ']'
#0 C:\Dropbox\Projetos\www\glometal\system\Autoloader\Autoloader.php(241): CodeIgniter\Autoloader\Autoloader->includeFile('C:\\Dropbox\\Proj...')
#1 C:\Dropbox\Projetos\www\glometal\system\Autoloader\Autoloader.php(219): CodeIgniter\Autoloader\Autoloader->loadInNamespace('Config\\Filters')
#2 [internal function]: CodeIgniter\Autoloader\Autoloader->loadClass('Config\\Filters')
#3 [internal function]: spl_autoload_call('Config\\Filters')
#4 C:\Dropbox\Projetos\www\glometal\system\Config\Factories.php(136): class_exists('Config\\Filters')
#5 C:\Dropbox\Projetos\www\glometal\system\Config\Factories.php(106): CodeIgniter\Config\Factories::locateClass(Array, 'Filters')
#6 C:\Dropbox\Projetos\www\glometal\system\Common.php(198): CodeIgniter\Config\Factories::__callStatic('config', Array)
#7 C:\Dropbox\Projetos\www\glometal\system\Config\Services.php(258): config('Filters')
#8 C:\Dropbox\Projetos\www\glometal\system\Config\BaseService.php(248): CodeIgniter\Config\Services::filters(NULL, false)
#9 C:\Dropbox\Projetos\www\glometal\system\Config\BaseService.php(189): CodeIgniter\Config\BaseService::__callStatic('filters', Array)
#10 C:\Dropbox\Projetos\www\glometal\system\Config\Services.php(255): CodeIgniter\Config\BaseService::getSharedInstance('filters', NULL)
#11 C:\Dropbox\Projetos\www\glometal\system\Config\BaseService.php(248): CodeIgniter\Config\Services::filters()
#12 C:\Dropbox\Projetos\www\glometal\system\CodeIgniter.php(364): CodeIgniter\Config\BaseService::__callStatic('filters', Array)
#13 C:\Dropbox\Projetos\www\glometal\system\CodeIgniter.php(318): CodeIgniter\CodeIgniter->handleRequest(NULL, Object(Config\Cache), false)
#14 C:\Dropbox\Projetos\www\glometal\public\index.php(37): CodeIgniter\CodeIgniter->run()
#15 {main}
CRITICAL - 2021-12-14 14:54:26 --> Invalid file: login.php
#0 C:\Dropbox\Projetos\www\glometal\system\View\View.php(198): CodeIgniter\Exceptions\FrameworkException::forInvalidFile('login.php')
#1 C:\Dropbox\Projetos\www\glometal\system\Common.php(1097): CodeIgniter\View\View->render('login.php', Array, true)
#2 C:\Dropbox\Projetos\www\glometal\app\Controllers\Login.php(6): view('login.php')
#3 C:\Dropbox\Projetos\www\glometal\system\CodeIgniter.php(824): App\Controllers\Login->index()
#4 C:\Dropbox\Projetos\www\glometal\system\CodeIgniter.php(410): CodeIgniter\CodeIgniter->runController(Object(App\Controllers\Login))
#5 C:\Dropbox\Projetos\www\glometal\system\CodeIgniter.php(318): CodeIgniter\CodeIgniter->handleRequest(NULL, Object(Config\Cache), false)
#6 C:\Dropbox\Projetos\www\glometal\index.php(37): CodeIgniter\CodeIgniter->run()
#7 {main}
CRITICAL - 2021-12-14 15:56:31 --> Invalid file: login.php
#0 C:\Dropbox\Projetos\www\glometal\system\View\View.php(198): CodeIgniter\Exceptions\FrameworkException::forInvalidFile('login.php')
#1 C:\Dropbox\Projetos\www\glometal\system\Common.php(1097): CodeIgniter\View\View->render('login.php', Array, true)
#2 C:\Dropbox\Projetos\www\glometal\app\Controllers\Login.php(6): view('login.php')
#3 C:\Dropbox\Projetos\www\glometal\system\CodeIgniter.php(824): App\Controllers\Login->index()
#4 C:\Dropbox\Projetos\www\glometal\system\CodeIgniter.php(410): CodeIgniter\CodeIgniter->runController(Object(App\Controllers\Login))
#5 C:\Dropbox\Projetos\www\glometal\system\CodeIgniter.php(318): CodeIgniter\CodeIgniter->handleRequest(NULL, Object(Config\Cache), false)
#6 C:\Dropbox\Projetos\www\glometal\index.php(37): CodeIgniter\CodeIgniter->run()
#7 {main}
CRITICAL - 2021-12-14 16:23:25 --> Array to string conversion
#0 C:\Dropbox\Projetos\www\glometal\app\Controllers\Login.php(13): CodeIgniter\Debug\Exceptions->errorHandler(8, 'Array to string...', 'C:\\Dropbox\\Proj...', 13, Array)
#1 C:\Dropbox\Projetos\www\glometal\system\CodeIgniter.php(824): App\Controllers\Login->autenticar()
#2 C:\Dropbox\Projetos\www\glometal\system\CodeIgniter.php(410): CodeIgniter\CodeIgniter->runController(Object(App\Controllers\Login))
#3 C:\Dropbox\Projetos\www\glometal\system\CodeIgniter.php(318): CodeIgniter\CodeIgniter->handleRequest(NULL, Object(Config\Cache), false)
#4 C:\Dropbox\Projetos\www\glometal\index.php(37): CodeIgniter\CodeIgniter->run()
#5 {main}
CRITICAL - 2021-12-14 16:25:49 --> Array to string conversion
#0 C:\Dropbox\Projetos\www\glometal\app\Controllers\Login.php(13): CodeIgniter\Debug\Exceptions->errorHandler(8, 'Array to string...', 'C:\\Dropbox\\Proj...', 13, Array)
#1 C:\Dropbox\Projetos\www\glometal\system\CodeIgniter.php(824): App\Controllers\Login->autenticar()
#2 C:\Dropbox\Projetos\www\glometal\system\CodeIgniter.php(410): CodeIgniter\CodeIgniter->runController(Object(App\Controllers\Login))
#3 C:\Dropbox\Projetos\www\glometal\system\CodeIgniter.php(318): CodeIgniter\CodeIgniter->handleRequest(NULL, Object(Config\Cache), false)
#4 C:\Dropbox\Projetos\www\glometal\index.php(37): CodeIgniter\CodeIgniter->run()
#5 {main}
CRITICAL - 2021-12-14 16:26:34 --> Trying to get property 'txtEmail' of non-object
#0 C:\Dropbox\Projetos\www\glometal\app\Controllers\Login.php(11): CodeIgniter\Debug\Exceptions->errorHandler(8, 'Trying to get p...', 'C:\\Dropbox\\Proj...', 11, Array)
#1 C:\Dropbox\Projetos\www\glometal\system\CodeIgniter.php(824): App\Controllers\Login->autenticar()
#2 C:\Dropbox\Projetos\www\glometal\system\CodeIgniter.php(410): CodeIgniter\CodeIgniter->runController(Object(App\Controllers\Login))
#3 C:\Dropbox\Projetos\www\glometal\system\CodeIgniter.php(318): CodeIgniter\CodeIgniter->handleRequest(NULL, Object(Config\Cache), false)
#4 C:\Dropbox\Projetos\www\glometal\index.php(37): CodeIgniter\CodeIgniter->run()
#5 {main}
CRITICAL - 2021-12-14 16:27:16 --> Trying to get property 'txtEmail' of non-object
#0 C:\Dropbox\Projetos\www\glometal\app\Controllers\Login.php(11): CodeIgniter\Debug\Exceptions->errorHandler(8, 'Trying to get p...', 'C:\\Dropbox\\Proj...', 11, Array)
#1 C:\Dropbox\Projetos\www\glometal\system\CodeIgniter.php(824): App\Controllers\Login->autenticar()
#2 C:\Dropbox\Projetos\www\glometal\system\CodeIgniter.php(410): CodeIgniter\CodeIgniter->runController(Object(App\Controllers\Login))
#3 C:\Dropbox\Projetos\www\glometal\system\CodeIgniter.php(318): CodeIgniter\CodeIgniter->handleRequest(NULL, Object(Config\Cache), false)
#4 C:\Dropbox\Projetos\www\glometal\index.php(37): CodeIgniter\CodeIgniter->run()
#5 {main}
CRITICAL - 2021-12-14 16:28:49 --> Trying to get property 'txtEmail' of non-object
#0 C:\Dropbox\Projetos\www\glometal\app\Controllers\Login.php(11): CodeIgniter\Debug\Exceptions->errorHandler(8, 'Trying to get p...', 'C:\\Dropbox\\Proj...', 11, Array)
#1 C:\Dropbox\Projetos\www\glometal\system\CodeIgniter.php(824): App\Controllers\Login->autenticar()
#2 C:\Dropbox\Projetos\www\glometal\system\CodeIgniter.php(410): CodeIgniter\CodeIgniter->runController(Object(App\Controllers\Login))
#3 C:\Dropbox\Projetos\www\glometal\system\CodeIgniter.php(318): CodeIgniter\CodeIgniter->handleRequest(NULL, Object(Config\Cache), false)
#4 C:\Dropbox\Projetos\www\glometal\index.php(37): CodeIgniter\CodeIgniter->run()
#5 {main}
CRITICAL - 2021-12-14 16:29:32 --> Trying to get property 'txtEmail' of non-object
#0 C:\Dropbox\Projetos\www\glometal\app\Controllers\Login.php(11): CodeIgniter\Debug\Exceptions->errorHandler(8, 'Trying to get p...', 'C:\\Dropbox\\Proj...', 11, Array)
#1 C:\Dropbox\Projetos\www\glometal\system\CodeIgniter.php(824): App\Controllers\Login->autenticar()
#2 C:\Dropbox\Projetos\www\glometal\system\CodeIgniter.php(410): CodeIgniter\CodeIgniter->runController(Object(App\Controllers\Login))
#3 C:\Dropbox\Projetos\www\glometal\system\CodeIgniter.php(318): CodeIgniter\CodeIgniter->handleRequest(NULL, Object(Config\Cache), false)
#4 C:\Dropbox\Projetos\www\glometal\index.php(37): CodeIgniter\CodeIgniter->run()
#5 {main}
CRITICAL - 2021-12-14 16:30:22 --> Trying to get property 'txtEmail' of non-object
#0 C:\Dropbox\Projetos\www\glometal\app\Controllers\Login.php(11): CodeIgniter\Debug\Exceptions->errorHandler(8, 'Trying to get p...', 'C:\\Dropbox\\Proj...', 11, Array)
#1 C:\Dropbox\Projetos\www\glometal\system\CodeIgniter.php(824): App\Controllers\Login->autenticar()
#2 C:\Dropbox\Projetos\www\glometal\system\CodeIgniter.php(410): CodeIgniter\CodeIgniter->runController(Object(App\Controllers\Login))
#3 C:\Dropbox\Projetos\www\glometal\system\CodeIgniter.php(318): CodeIgniter\CodeIgniter->handleRequest(NULL, Object(Config\Cache), false)
#4 C:\Dropbox\Projetos\www\glometal\index.php(37): CodeIgniter\CodeIgniter->run()
#5 {main}
CRITICAL - 2021-12-14 16:30:37 --> Trying to get property 'txtEmail' of non-object
#0 C:\Dropbox\Projetos\www\glometal\app\Controllers\Login.php(11): CodeIgniter\Debug\Exceptions->errorHandler(8, 'Trying to get p...', 'C:\\Dropbox\\Proj...', 11, Array)
#1 C:\Dropbox\Projetos\www\glometal\system\CodeIgniter.php(824): App\Controllers\Login->autenticar()
#2 C:\Dropbox\Projetos\www\glometal\system\CodeIgniter.php(410): CodeIgniter\CodeIgniter->runController(Object(App\Controllers\Login))
#3 C:\Dropbox\Projetos\www\glometal\system\CodeIgniter.php(318): CodeIgniter\CodeIgniter->handleRequest(NULL, Object(Config\Cache), false)
#4 C:\Dropbox\Projetos\www\glometal\index.php(37): CodeIgniter\CodeIgniter->run()
#5 {main}
